    [92;1mBuilding[0m App: helloworld, Arch: riscv64, Platform: qemu-virt-riscv, Language: rust
cargo rustc --target riscv64gc-unknown-none-elf --target-dir /media/psf/SSD/OS/rCore/arceos/target --release  --features "libax/platform-qemu-virt-riscv libax/log-level-warn "  --manifest-path apps/helloworld/Cargo.toml -- -Clink-args="-T/media/psf/SSD/OS/rCore/arceos/modules/axhal/linker_riscv64.lds -no-pie"
rust-objcopy --binary-architecture=riscv64 apps/helloworld/helloworld_qemu-virt-riscv.elf --strip-all -O binary apps/helloworld/helloworld_qemu-virt-riscv.bin
    [96;1mRunning[0m qemu-system-riscv64 -m 128M -smp 1 -machine virt -bios default -kernel apps/helloworld/helloworld_qemu-virt-riscv.bin -nographic 

OpenSBI v1.1
   ____                    _____ ____ _____
  / __ \                  / ____|  _ \_   _|
 | |  | |_ __   ___ _ __ | (___ | |_) || |
 | |  | | '_ \ / _ \ '_ \ \___ \|  _ < | |
 | |__| | |_) |  __/ | | |____) | |_) || |_
  \____/| .__/ \___|_| |_|_____/|____/_____|
        | |
        |_|

Platform Name             : riscv-virtio,qemu
Platform Features         : medeleg
Platform HART Count       : 1
Platform IPI Device       : aclint-mswi
Platform Timer Device     : aclint-mtimer @ 10000000Hz
Platform Console Device   : uart8250
Platform HSM Device       : ---
Platform Reboot Device    : sifive_test
Platform Shutdown Device  : sifive_test
Firmware Base             : 0x80000000
Firmware Size             : 288 KB
Runtime SBI Version       : 1.0

Domain0 Name              : root
Domain0 Boot HART         : 0
Domain0 HARTs             : 0*
Domain0 Region00          : 0x0000000002000000-0x000000000200ffff (I)
Domain0 Region01          : 0x0000000080000000-0x000000008007ffff ()
Domain0 Region02          : 0x0000000000000000-0xffffffffffffffff (R,W,X)
Domain0 Next Address      : 0x0000000080200000
Domain0 Next Arg1         : 0x0000000087e00000
Domain0 Next Mode         : S-mode
Domain0 SysReset          : yes

Boot HART ID              : 0
Boot HART Domain          : root
Boot HART Priv Version    : v1.12
Boot HART Base ISA        : rv64imafdch
Boot HART ISA Extensions  : time,sstc
Boot HART PMP Count       : 16
Boot HART PMP Granularity : 4
Boot HART PMP Address Bits: 54
Boot HART MHPM Count      : 16
Boot HART MIDELEG         : 0x0000000000001666
Boot HART MEDELEG         : 0x0000000000f0b509

       d8888                            .d88888b.   .d8888b.
      d88888                           d88P" "Y88b d88P  Y88b
     d88P888                           888     888 Y88b.
    d88P 888 888d888  .d8888b  .d88b.  888     888  "Y888b.
   d88P  888 888P"   d88P"    d8P  Y8b 888     888     "Y88b.
  d88P   888 888     888      88888888 888     888       "888
 d8888888888 888     Y88b.    Y8b.     Y88b. .d88P Y88b  d88P
d88P     888 888      "Y8888P  "Y8888   "Y88888P"   "Y8888P"

arch = riscv64
platform = qemu-virt-riscv
smp = 1
build_mode = release
log_level = warn

Hello, world!
make: Nothing to be done for '1'.
